2005/04/01 19:22:10 Starting cygwin install, version 2.874
2005/04/01 19:22:10 User has backup/restore rights
2005/04/01 19:22:10 Current Directory: C:\bKit\setup
2005/04/01 19:22:10 Could not open service McShield for query, start and stop. McAfee may not be installed, or we don't have access.
2005/04/01 19:22:13 source: from local dir
2005/04/01 19:22:14 root: C:\bKit\3rd-party\cygwin system
2005/04/01 19:22:21 Ending cygwin install
2005/04/01 19:22:29 Starting cygwin install, version 2.874
2005/04/01 19:22:29 User has backup/restore rights
2005/04/01 19:22:29 Current Directory: C:\bKit\setup
2005/04/01 19:22:29 Could not open service McShield for query, start and stop. McAfee may not be installed, or we don't have access.
2005/04/01 19:22:31 source: from local dir
2005/04/01 19:22:32 root: C:\bKit\3rd-party\cygwin system
2005/04/01 19:22:38 Ending cygwin install
2005/04/01 19:23:49 Starting cygwin install, version 2.874
2005/04/01 19:23:49 User has backup/restore rights
2005/04/01 19:23:49 Current Directory: repo
2005/04/01 19:23:49 Could not open service McShield for query, start and stop. McAfee may not be installed, or we don't have access.
2005/04/01 19:23:52 source: from local dir
2005/04/01 19:23:55 root: C:\bKit\3rd-party\cygwin system
2005/04/01 19:24:08 Ending cygwin install
2005/04/01 19:24:17 Starting cygwin install, version 2.874
2005/04/01 19:24:17 User has backup/restore rights
2005/04/01 19:24:17 Current Directory: repo
2005/04/01 19:24:17 Could not open service McShield for query, start and stop. McAfee may not be installed, or we don't have access.
2005/04/01 19:24:21 source: from local dir
2005/04/01 19:24:23 root: C:\bKit\3rd-party\cygwin system
2005/04/01 19:24:32 Ending cygwin install
