0 info it worked if it ends with ok
1 verbose cli [ '/home/tiansivive/.nvm/versions/node/v4.4.0/bin/node',
1 verbose cli   '/home/tiansivive/.nvm/versions/node/v4.4.0/bin/npm',
1 verbose cli   'start' ]
2 info using npm@3.8.1
3 info using node@v4.4.0
4 verbose stack Error: missing script: start
4 verbose stack     at run (/home/tiansivive/.nvm/versions/node/v4.4.0/lib/node_modules/npm/lib/run-script.js:147:19)
4 verbose stack     at /home/tiansivive/.nvm/versions/node/v4.4.0/lib/node_modules/npm/lib/run-script.js:57:5
4 verbose stack     at /home/tiansivive/.nvm/versions/node/v4.4.0/lib/node_modules/npm/node_modules/read-package-json/read-json.js:345:5
4 verbose stack     at checkBinReferences_ (/home/tiansivive/.nvm/versions/node/v4.4.0/lib/node_modules/npm/node_modules/read-package-json/read-json.js:309:45)
4 verbose stack     at final (/home/tiansivive/.nvm/versions/node/v4.4.0/lib/node_modules/npm/node_modules/read-package-json/read-json.js:343:3)
4 verbose stack     at then (/home/tiansivive/.nvm/versions/node/v4.4.0/lib/node_modules/npm/node_modules/read-package-json/read-json.js:113:5)
4 verbose stack     at /home/tiansivive/.nvm/versions/node/v4.4.0/lib/node_modules/npm/node_modules/read-package-json/read-json.js:232:12
4 verbose stack     at /home/tiansivive/.nvm/versions/node/v4.4.0/lib/node_modules/npm/node_modules/graceful-fs/graceful-fs.js:78:16
4 verbose stack     at FSReqWrap.readFileAfterClose [as oncomplete] (fs.js:380:3)
5 verbose cwd /home/tiansivive/Workspace/bkit.me/scripts/client/web2.0
6 error Linux 4.7.4-1-ARCH
7 error argv "/home/tiansivive/.nvm/versions/node/v4.4.0/bin/node" "/home/tiansivive/.nvm/versions/node/v4.4.0/bin/npm" "start"
8 error node v4.4.0
9 error npm  v3.8.1
10 error missing script: start
11 error If you need help, you may report this error at:
11 error     <https://github.com/npm/npm/issues>
12 verbose exit [ 1, true ]
