2016/10/18 17:07:09 Starting cygwin install, version 2.874
2016/10/18 17:07:09 User has backup/restore rights
2016/10/18 17:07:09 io_stream_cygfile: fopen(/etc/setup/setup.rc) failed 2 No such file or directory
2016/10/18 17:07:09 Current Directory: E:\tmp\
2016/10/18 17:07:09 Could not open service McShield for query, start and stop. McAfee may not be installed, or we don't have access.
2016/10/18 17:07:09 Selected local directory: E:\tmp
2016/10/18 17:07:09 net: Direct
2016/10/18 17:07:09 site: ftp://www.fruitbat.org/pub/cygwin/circa/64bit/2016/08/30/104235/
2016/10/18 17:08:31 io_stream_cygfile: fopen(/etc/setup/installed.db) failed 2 No such file or directory
2016/10/18 17:08:32 io_stream_cygfile: fopen(/etc/setup/timestamp) failed 2 No such file or directory
2016/10/18 17:08:35 Adding required dependency bzip2: Selecting version 1.0.6-2 for installation.
2016/10/18 17:08:35 Adding required dependency ca-certificates: Selecting version 2.9-1 for installation.
2016/10/18 17:08:35 Adding required dependency groff: Selecting version 1.22.3-1 for installation.
2016/10/18 17:08:35 Adding required dependency less: Selecting version 481-1 for installation.
2016/10/18 17:08:35 Adding required dependency libargp: Selecting version 20110921-2 for installation.
2016/10/18 17:08:35 Adding required dependency libattr1: Selecting version 2.4.46-1 for installation.
2016/10/18 17:08:35 Adding required dependency libblkid1: Selecting version 2.25.2-2 for installation.
2016/10/18 17:08:35 Adding required dependency libbz2_1: Selecting version 1.0.6-2 for installation.
2016/10/18 17:08:35 Adding required dependency libffi6: Selecting version 3.2.1-2 for installation.
2016/10/18 17:08:35 Adding required dependency libgcc1: Selecting version 5.4.0-1 for installation.
2016/10/18 17:08:35 Adding required dependency libgdbm4: Selecting version 1.11-1 for installation.
2016/10/18 17:08:35 Adding required dependency libgmp10: Selecting version 6.1.1-1 for installation.
2016/10/18 17:08:35 Adding required dependency libiconv: Selecting version 1.14-3 for installation.
2016/10/18 17:08:35 Adding required dependency libiconv2: Selecting version 1.14-3 for installation.
2016/10/18 17:08:35 Adding required dependency libintl8: Selecting version 0.19.7-1 for installation.
2016/10/18 17:08:35 Adding required dependency liblzma5: Selecting version 5.2.2-1 for installation.
2016/10/18 17:08:35 Adding required dependency libmpfr4: Selecting version 3.1.4-1 for installation.
2016/10/18 17:08:35 Adding required dependency libncursesw10: Selecting version 6.0-7.20160806 for installation.
2016/10/18 17:08:35 Adding required dependency libp11-kit0: Selecting version 0.22.1-1 for installation.
2016/10/18 17:08:35 Adding required dependency libpcre1: Selecting version 8.39-1 for installation.
2016/10/18 17:08:35 Adding required dependency libpipeline1: Selecting version 1.4.0-1 for installation.
2016/10/18 17:08:35 Adding required dependency libpopt-common: Selecting version 1.16-2 for installation.
2016/10/18 17:08:35 Adding required dependency libpopt0: Selecting version 1.16-2 for installation.
2016/10/18 17:08:35 Adding required dependency libsmartcols1: Selecting version 2.25.2-2 for installation.
2016/10/18 17:08:35 Adding required dependency libsqlite3_0: Selecting version 3.14.1-1 for installation.
2016/10/18 17:08:35 Adding required dependency libssp0: Selecting version 5.4.0-1 for installation.
2016/10/18 17:08:35 Adding required dependency libstdc++6: Selecting version 5.4.0-1 for installation.
2016/10/18 17:08:35 Adding required dependency libtasn1_6: Selecting version 4.9-1 for installation.
2016/10/18 17:08:35 Adding required dependency libuuid1: Selecting version 2.25.2-2 for installation.
2016/10/18 17:08:35 Adding required dependency p11-kit: Selecting version 0.22.1-1 for installation.
2016/10/18 17:08:35 Adding required dependency p11-kit-trust: Selecting version 0.22.1-1 for installation.
2016/10/18 17:08:35 Adding required dependency sqlite3-vfslog: Selecting version 3.14.1-1 for installation.
2016/10/18 17:08:35 Adding required dependency xz: Selecting version 5.2.2-1 for installation.
2016/10/18 17:08:35 Adding required dependency zlib0: Selecting version 1.2.8-3 for installation.
2016/10/18 17:09:05 Downloaded E:\tmp/ftp%3a%2f%2fwww.fruitbat.org%2fpub%2fcygwin%2fcirca%2f64bit%2f2016%2f08%2f30%2f104235%2f/noarch/release/_autorebase/_autorebase-001004-1.tar.xz
2016/10/18 17:09:37 Downloaded E:\tmp/ftp%3a%2f%2fwww.fruitbat.org%2fpub%2fcygwin%2fcirca%2f64bit%2f2016%2f08%2f30%2f104235%2f/x86_64/release/alternatives/alternatives-1.3.30c-10.tar.bz2
2016/10/18 17:10:07 Downloaded E:\tmp/ftp%3a%2f%2fwww.fruitbat.org%2fpub%2fcygwin%2fcirca%2f64bit%2f2016%2f08%2f30%2f104235%2f/noarch/release/base-cygwin/base-cygwin-3.8-1.tar.xz
2016/10/18 17:10:39 Downloaded E:\tmp/ftp%3a%2f%2fwww.fruitbat.org%2fpub%2fcygwin%2fcirca%2f64bit%2f2016%2f08%2f30%2f104235%2f/noarch/release/base-files/base-files-4.2-4.tar.xz
2016/10/18 17:11:33 Downloaded E:\tmp/ftp%3a%2f%2fwww.fruitbat.org%2fpub%2fcygwin%2fcirca%2f64bit%2f2016%2f08%2f30%2f104235%2f/x86_64/release/bash/bash-4.3.46-7.tar.xz
2016/10/18 17:12:04 Downloaded E:\tmp/ftp%3a%2f%2fwww.fruitbat.org%2fpub%2fcygwin%2fcirca%2f64bit%2f2016%2f08%2f30%2f104235%2f/x86_64/release/bzip2/bzip2-1.0.6-2.tar.bz2
2016/10/18 17:12:38 Downloaded E:\tmp/ftp%3a%2f%2fwww.fruitbat.org%2fpub%2fcygwin%2fcirca%2f64bit%2f2016%2f08%2f30%2f104235%2f/noarch/release/ca-certificates/ca-certificates-2.9-1.tar.xz
2016/10/18 17:14:51 Downloaded E:\tmp/ftp%3a%2f%2fwww.fruitbat.org%2fpub%2fcygwin%2fcirca%2f64bit%2f2016%2f08%2f30%2f104235%2f/x86_64/release/coreutils/coreutils-8.25-3.tar.xz
2016/10/18 17:15:24 Downloaded E:\tmp/ftp%3a%2f%2fwww.fruitbat.org%2fpub%2fcygwin%2fcirca%2f64bit%2f2016%2f08%2f30%2f104235%2f/x86_64/release/cygutils/cygutils-1.4.15-2.tar.xz
2016/10/18 17:17:52 Downloaded E:\tmp/ftp%3a%2f%2fwww.fruitbat.org%2fpub%2fcygwin%2fcirca%2f64bit%2f2016%2f08%2f30%2f104235%2f/x86_64/release/cygwin/cygwin-2.5.2-1.tar.xz
2016/10/18 17:18:24 Downloaded E:\tmp/ftp%3a%2f%2fwww.fruitbat.org%2fpub%2fcygwin%2fcirca%2f64bit%2f2016%2f08%2f30%2f104235%2f/x86_64/release/dash/dash-0.5.8-3.tar.xz
2016/10/18 17:18:55 Downloaded E:\tmp/ftp%3a%2f%2fwww.fruitbat.org%2fpub%2fcygwin%2fcirca%2f64bit%2f2016%2f08%2f30%2f104235%2f/x86_64/release/editrights/editrights-1.03-1.tar.xz
2016/10/18 17:19:31 Downloaded E:\tmp/ftp%3a%2f%2fwww.fruitbat.org%2fpub%2fcygwin%2fcirca%2f64bit%2f2016%2f08%2f30%2f104235%2f/x86_64/release/file/file-5.25-1.tar.xz
2016/10/18 17:20:09 Downloaded E:\tmp/ftp%3a%2f%2fwww.fruitbat.org%2fpub%2fcygwin%2fcirca%2f64bit%2f2016%2f08%2f30%2f104235%2f/x86_64/release/findutils/findutils-4.6.0-1.tar.xz
2016/10/18 17:20:50 Downloaded E:\tmp/ftp%3a%2f%2fwww.fruitbat.org%2fpub%2fcygwin%2fcirca%2f64bit%2f2016%2f08%2f30%2f104235%2f/x86_64/release/gawk/gawk-4.1.4-1.tar.xz
2016/10/18 17:21:21 Downloaded E:\tmp/ftp%3a%2f%2fwww.fruitbat.org%2fpub%2fcygwin%2fcirca%2f64bit%2f2016%2f08%2f30%2f104235%2f/x86_64/release/getent/getent-2.18.90-4.tar.xz
2016/10/18 17:21:56 Downloaded E:\tmp/ftp%3a%2f%2fwww.fruitbat.org%2fpub%2fcygwin%2fcirca%2f64bit%2f2016%2f08%2f30%2f104235%2f/x86_64/release/grep/grep-2.25-1.tar.xz
2016/10/18 17:24:09 Downloaded E:\tmp/ftp%3a%2f%2fwww.fruitbat.org%2fpub%2fcygwin%2fcirca%2f64bit%2f2016%2f08%2f30%2f104235%2f/x86_64/release/groff/groff-1.22.3-1.tar.xz
2016/10/18 17:24:41 Downloaded E:\tmp/ftp%3a%2f%2fwww.fruitbat.org%2fpub%2fcygwin%2fcirca%2f64bit%2f2016%2f08%2f30%2f104235%2f/x86_64/release/gzip/gzip-1.8-1.tar.xz
2016/10/18 17:25:12 Downloaded E:\tmp/ftp%3a%2f%2fwww.fruitbat.org%2fpub%2fcygwin%2fcirca%2f64bit%2f2016%2f08%2f30%2f104235%2f/x86_64/release/hostname/hostname-3.13-1.tar.bz2
2016/10/18 17:25:50 Downloaded E:\tmp/ftp%3a%2f%2fwww.fruitbat.org%2fpub%2fcygwin%2fcirca%2f64bit%2f2016%2f08%2f30%2f104235%2f/x86_64/release/texinfo/info/info-6.1-2.tar.xz
2016/10/18 17:26:21 Downloaded E:\tmp/ftp%3a%2f%2fwww.fruitbat.org%2fpub%2fcygwin%2fcirca%2f64bit%2f2016%2f08%2f30%2f104235%2f/x86_64/release/ipc-utils/ipc-utils-1.0-2.tar.bz2
2016/10/18 17:26:54 Downloaded E:\tmp/ftp%3a%2f%2fwww.fruitbat.org%2fpub%2fcygwin%2fcirca%2f64bit%2f2016%2f08%2f30%2f104235%2f/x86_64/release/less/less-481-1.tar.xz
2016/10/18 17:27:27 Downloaded E:\tmp/ftp%3a%2f%2fwww.fruitbat.org%2fpub%2fcygwin%2fcirca%2f64bit%2f2016%2f08%2f30%2f104235%2f/x86_64/release/libargp/libargp-20110921-2.tar.bz2
2016/10/18 17:27:57 Downloaded E:\tmp/ftp%3a%2f%2fwww.fruitbat.org%2fpub%2fcygwin%2fcirca%2f64bit%2f2016%2f08%2f30%2f104235%2f/x86_64/release/attr/libattr1/libattr1-2.4.46-1.tar.bz2
2016/10/18 17:28:30 Downloaded E:\tmp/ftp%3a%2f%2fwww.fruitbat.org%2fpub%2fcygwin%2fcirca%2f64bit%2f2016%2f08%2f30%2f104235%2f/x86_64/release/util-linux/libblkid1/libblkid1-2.25.2-2.tar.xz
2016/10/18 17:29:01 Downloaded E:\tmp/ftp%3a%2f%2fwww.fruitbat.org%2fpub%2fcygwin%2fcirca%2f64bit%2f2016%2f08%2f30%2f104235%2f/x86_64/release/bzip2/libbz2_1/libbz2_1-1.0.6-2.tar.bz2
2016/10/18 17:29:34 Downloaded E:\tmp/ftp%3a%2f%2fwww.fruitbat.org%2fpub%2fcygwin%2fcirca%2f64bit%2f2016%2f08%2f30%2f104235%2f/x86_64/release/libffi/libffi6/libffi6-3.2.1-2.tar.xz
2016/10/18 17:30:06 Downloaded E:\tmp/ftp%3a%2f%2fwww.fruitbat.org%2fpub%2fcygwin%2fcirca%2f64bit%2f2016%2f08%2f30%2f104235%2f/x86_64/release/gcc/libgcc1/libgcc1-5.4.0-1.tar.xz
2016/10/18 17:30:37 Downloaded E:\tmp/ftp%3a%2f%2fwww.fruitbat.org%2fpub%2fcygwin%2fcirca%2f64bit%2f2016%2f08%2f30%2f104235%2f/x86_64/release/gdbm/libgdbm4/libgdbm4-1.11-1.tar.xz
2016/10/18 17:31:11 Downloaded E:\tmp/ftp%3a%2f%2fwww.fruitbat.org%2fpub%2fcygwin%2fcirca%2f64bit%2f2016%2f08%2f30%2f104235%2f/x86_64/release/gmp/libgmp10/libgmp10-6.1.1-1.tar.xz
2016/10/18 17:31:43 Downloaded E:\tmp/ftp%3a%2f%2fwww.fruitbat.org%2fpub%2fcygwin%2fcirca%2f64bit%2f2016%2f08%2f30%2f104235%2f/x86_64/release/libiconv/libiconv-1.14-3.tar.xz
2016/10/18 17:32:19 Downloaded E:\tmp/ftp%3a%2f%2fwww.fruitbat.org%2fpub%2fcygwin%2fcirca%2f64bit%2f2016%2f08%2f30%2f104235%2f/x86_64/release/libiconv/libiconv2/libiconv2-1.14-3.tar.xz
2016/10/18 17:32:50 Downloaded E:\tmp/ftp%3a%2f%2fwww.fruitbat.org%2fpub%2fcygwin%2fcirca%2f64bit%2f2016%2f08%2f30%2f104235%2f/x86_64/release/gettext/libintl8/libintl8-0.19.7-1.tar.xz
2016/10/18 17:33:21 Downloaded E:\tmp/ftp%3a%2f%2fwww.fruitbat.org%2fpub%2fcygwin%2fcirca%2f64bit%2f2016%2f08%2f30%2f104235%2f/x86_64/release/xz/liblzma5/liblzma5-5.2.2-1.tar.xz
2016/10/18 17:33:55 Downloaded E:\tmp/ftp%3a%2f%2fwww.fruitbat.org%2fpub%2fcygwin%2fcirca%2f64bit%2f2016%2f08%2f30%2f104235%2f/x86_64/release/mpfr/libmpfr4/libmpfr4-3.1.4-1.tar.xz
2016/10/18 17:34:27 Downloaded E:\tmp/ftp%3a%2f%2fwww.fruitbat.org%2fpub%2fcygwin%2fcirca%2f64bit%2f2016%2f08%2f30%2f104235%2f/x86_64/release/ncurses/libncursesw10/libncursesw10-6.0-7.20160806.tar.xz
2016/10/18 17:35:07 Downloaded E:\tmp/ftp%3a%2f%2fwww.fruitbat.org%2fpub%2fcygwin%2fcirca%2f64bit%2f2016%2f08%2f30%2f104235%2f/x86_64/release/openssl/libopenssl100/libopenssl100-1.0.2h-1.tar.xz
2016/10/18 17:35:40 Downloaded E:\tmp/ftp%3a%2f%2fwww.fruitbat.org%2fpub%2fcygwin%2fcirca%2f64bit%2f2016%2f08%2f30%2f104235%2f/x86_64/release/p11-kit/libp11-kit0/libp11-kit0-0.22.1-1.tar.xz
2016/10/18 17:36:12 Downloaded E:\tmp/ftp%3a%2f%2fwww.fruitbat.org%2fpub%2fcygwin%2fcirca%2f64bit%2f2016%2f08%2f30%2f104235%2f/x86_64/release/pcre/libpcre1/libpcre1-8.39-1.tar.xz
2016/10/18 17:36:44 Downloaded E:\tmp/ftp%3a%2f%2fwww.fruitbat.org%2fpub%2fcygwin%2fcirca%2f64bit%2f2016%2f08%2f30%2f104235%2f/x86_64/release/libpipeline/libpipeline1/libpipeline1-1.4.0-1.tar.xz
2016/10/18 17:37:15 Downloaded E:\tmp/ftp%3a%2f%2fwww.fruitbat.org%2fpub%2fcygwin%2fcirca%2f64bit%2f2016%2f08%2f30%2f104235%2f/x86_64/release/popt/libpopt-common/libpopt-common-1.16-2.tar.xz
2016/10/18 17:37:47 Downloaded E:\tmp/ftp%3a%2f%2fwww.fruitbat.org%2fpub%2fcygwin%2fcirca%2f64bit%2f2016%2f08%2f30%2f104235%2f/x86_64/release/popt/libpopt0/libpopt0-1.16-2.tar.xz
2016/10/18 17:38:18 Downloaded E:\tmp/ftp%3a%2f%2fwww.fruitbat.org%2fpub%2fcygwin%2fcirca%2f64bit%2f2016%2f08%2f30%2f104235%2f/x86_64/release/readline/libreadline7/libreadline7-6.3.8-1.tar.xz
2016/10/18 17:38:49 Downloaded E:\tmp/ftp%3a%2f%2fwww.fruitbat.org%2fpub%2fcygwin%2fcirca%2f64bit%2f2016%2f08%2f30%2f104235%2f/x86_64/release/util-linux/libsmartcols1/libsmartcols1-2.25.2-2.tar.xz
2016/10/18 17:39:26 Downloaded E:\tmp/ftp%3a%2f%2fwww.fruitbat.org%2fpub%2fcygwin%2fcirca%2f64bit%2f2016%2f08%2f30%2f104235%2f/x86_64/release/sqlite3/libsqlite3_0/libsqlite3_0-3.14.1-1.tar.xz
2016/10/18 17:39:57 Downloaded E:\tmp/ftp%3a%2f%2fwww.fruitbat.org%2fpub%2fcygwin%2fcirca%2f64bit%2f2016%2f08%2f30%2f104235%2f/x86_64/release/gcc/libssp0/libssp0-5.4.0-1.tar.xz
2016/10/18 17:40:32 Downloaded E:\tmp/ftp%3a%2f%2fwww.fruitbat.org%2fpub%2fcygwin%2fcirca%2f64bit%2f2016%2f08%2f30%2f104235%2f/x86_64/release/gcc/libstdc++6/libstdc++6-5.4.0-1.tar.xz
2016/10/18 17:41:03 Downloaded E:\tmp/ftp%3a%2f%2fwww.fruitbat.org%2fpub%2fcygwin%2fcirca%2f64bit%2f2016%2f08%2f30%2f104235%2f/x86_64/release/libtasn1/libtasn1_6/libtasn1_6-4.9-1.tar.xz
2016/10/18 17:41:34 Downloaded E:\tmp/ftp%3a%2f%2fwww.fruitbat.org%2fpub%2fcygwin%2fcirca%2f64bit%2f2016%2f08%2f30%2f104235%2f/x86_64/release/util-linux/libuuid1/libuuid1-2.25.2-2.tar.xz
2016/10/18 17:42:06 Downloaded E:\tmp/ftp%3a%2f%2fwww.fruitbat.org%2fpub%2fcygwin%2fcirca%2f64bit%2f2016%2f08%2f30%2f104235%2f/x86_64/release/login/login-1.11-1.tar.xz
2016/10/18 17:42:47 Downloaded E:\tmp/ftp%3a%2f%2fwww.fruitbat.org%2fpub%2fcygwin%2fcirca%2f64bit%2f2016%2f08%2f30%2f104235%2f/x86_64/release/man-db/man-db-2.7.5-1.tar.xz
2016/10/18 17:43:20 Downloaded E:\tmp/ftp%3a%2f%2fwww.fruitbat.org%2fpub%2fcygwin%2fcirca%2f64bit%2f2016%2f08%2f30%2f104235%2f/x86_64/release/mintty/mintty-2.4.3-0.tar.xz
2016/10/18 17:43:52 Downloaded E:\tmp/ftp%3a%2f%2fwww.fruitbat.org%2fpub%2fcygwin%2fcirca%2f64bit%2f2016%2f08%2f30%2f104235%2f/x86_64/release/nc/nc-1.107-4.tar.bz2
2016/10/18 17:44:26 Downloaded E:\tmp/ftp%3a%2f%2fwww.fruitbat.org%2fpub%2fcygwin%2fcirca%2f64bit%2f2016%2f08%2f30%2f104235%2f/x86_64/release/ncurses/ncurses-6.0-7.20160806.tar.xz
2016/10/18 17:45:04 Downloaded E:\tmp/ftp%3a%2f%2fwww.fruitbat.org%2fpub%2fcygwin%2fcirca%2f64bit%2f2016%2f08%2f30%2f104235%2f/x86_64/release/openssl/openssl-1.0.2h-1.tar.xz
2016/10/18 17:45:36 Downloaded E:\tmp/ftp%3a%2f%2fwww.fruitbat.org%2fpub%2fcygwin%2fcirca%2f64bit%2f2016%2f08%2f30%2f104235%2f/x86_64/release/p11-kit/p11-kit-0.22.1-1.tar.xz
2016/10/18 17:46:08 Downloaded E:\tmp/ftp%3a%2f%2fwww.fruitbat.org%2fpub%2fcygwin%2fcirca%2f64bit%2f2016%2f08%2f30%2f104235%2f/x86_64/release/p11-kit/p11-kit-trust/p11-kit-trust-0.22.1-1.tar.xz
2016/10/18 17:46:40 Downloaded E:\tmp/ftp%3a%2f%2fwww.fruitbat.org%2fpub%2fcygwin%2fcirca%2f64bit%2f2016%2f08%2f30%2f104235%2f/x86_64/release/ping/ping-1.0.2-1.tar.xz
2016/10/18 17:47:14 Downloaded E:\tmp/ftp%3a%2f%2fwww.fruitbat.org%2fpub%2fcygwin%2fcirca%2f64bit%2f2016%2f08%2f30%2f104235%2f/x86_64/release/rebase/rebase-4.4.2-1.tar.xz
2016/10/18 17:47:55 Downloaded E:\tmp/ftp%3a%2f%2fwww.fruitbat.org%2fpub%2fcygwin%2fcirca%2f64bit%2f2016%2f08%2f30%2f104235%2f/x86_64/release/rsync/rsync-3.1.2-1.tar.xz
2016/10/18 17:48:27 Downloaded E:\tmp/ftp%3a%2f%2fwww.fruitbat.org%2fpub%2fcygwin%2fcirca%2f64bit%2f2016%2f08%2f30%2f104235%2f/x86_64/release/run/run-1.3.4-2.tar.xz
2016/10/18 17:49:01 Downloaded E:\tmp/ftp%3a%2f%2fwww.fruitbat.org%2fpub%2fcygwin%2fcirca%2f64bit%2f2016%2f08%2f30%2f104235%2f/x86_64/release/sed/sed-4.2.2-3.tar.bz2
2016/10/18 17:49:33 Downloaded E:\tmp/ftp%3a%2f%2fwww.fruitbat.org%2fpub%2fcygwin%2fcirca%2f64bit%2f2016%2f08%2f30%2f104235%2f/x86_64/release/sqlite3/sqlite3-3.14.1-1.tar.xz
2016/10/18 17:50:04 Downloaded E:\tmp/ftp%3a%2f%2fwww.fruitbat.org%2fpub%2fcygwin%2fcirca%2f64bit%2f2016%2f08%2f30%2f104235%2f/x86_64/release/sqlite3/sqlite3-vfslog/sqlite3-vfslog-3.14.1-1.tar.xz
2016/10/18 17:50:58 Downloaded E:\tmp/ftp%3a%2f%2fwww.fruitbat.org%2fpub%2fcygwin%2fcirca%2f64bit%2f2016%2f08%2f30%2f104235%2f/x86_64/release/tar/tar-1.28-1.tar.xz
2016/10/18 17:51:31 Downloaded E:\tmp/ftp%3a%2f%2fwww.fruitbat.org%2fpub%2fcygwin%2fcirca%2f64bit%2f2016%2f08%2f30%2f104235%2f/x86_64/release/ncurses/terminfo/terminfo-6.0-7.20160806.tar.xz
2016/10/18 17:52:08 Downloaded E:\tmp/ftp%3a%2f%2fwww.fruitbat.org%2fpub%2fcygwin%2fcirca%2f64bit%2f2016%2f08%2f30%2f104235%2f/noarch/release/tzdata/tzdata-2016f-1.tar.xz
2016/10/18 17:53:06 Downloaded E:\tmp/ftp%3a%2f%2fwww.fruitbat.org%2fpub%2fcygwin%2fcirca%2f64bit%2f2016%2f08%2f30%2f104235%2f/x86_64/release/util-linux/util-linux-2.25.2-2.tar.xz
2016/10/18 17:53:49 Downloaded E:\tmp/ftp%3a%2f%2fwww.fruitbat.org%2fpub%2fcygwin%2fcirca%2f64bit%2f2016%2f08%2f30%2f104235%2f/x86_64/release/vim/vim-minimal/vim-minimal-7.4.2181-1.tar.xz
2016/10/18 17:54:22 Downloaded E:\tmp/ftp%3a%2f%2fwww.fruitbat.org%2fpub%2fcygwin%2fcirca%2f64bit%2f2016%2f08%2f30%2f104235%2f/x86_64/release/which/which-2.20-2.tar.bz2
2016/10/18 17:54:59 Downloaded E:\tmp/ftp%3a%2f%2fwww.fruitbat.org%2fpub%2fcygwin%2fcirca%2f64bit%2f2016%2f08%2f30%2f104235%2f/x86_64/release/xz/xz-5.2.2-1.tar.xz
2016/10/18 17:55:33 Downloaded E:\tmp/ftp%3a%2f%2fwww.fruitbat.org%2fpub%2fcygwin%2fcirca%2f64bit%2f2016%2f08%2f30%2f104235%2f/x86_64/release/zlib/zlib0/zlib0-1.2.8-3.tar.xz
2016/10/18 17:55:33 Ending cygwin install
